GROUP,PACKAGE,CLASS,INSTRUCTION_MISSED,INSTRUCTION_COVERED,BRANCH_MISSED,BRANCH_COVERED,LINE_MISSED,LINE_COVERED,COMPLEXITY_MISSED,COMPLEXITY_COVERED,METHOD_MISSED,METHOD_COVERED
Mediscreen webapp,com.mediscreen.webapp.service,PatientServiceImpl,17,45,1,5,4,13,1,6,0,4
Mediscreen webapp,com.mediscreen.webapp.service,NoteServiceImpl,0,30,0,0,0,5,0,5,0,5
Mediscreen webapp,com.mediscreen.webapp.service,AssessmentServiceImpl,2,18,1,1,1,4,1,2,0,2
Mediscreen webapp,com.mediscreen.webapp,MediScreenWebAppApplication,5,3,0,0,2,1,1,1,1,1
Mediscreen webapp,com.mediscreen.webapp.controller,PatientController,0,187,0,6,0,34,0,10,0,7
Mediscreen webapp,com.mediscreen.webapp.controller,NoteController,2,123,1,3,0,22,1,7,0,6
Mediscreen webapp,com.mediscreen.webapp.model,MediScreenRiskLevel,3,67,0,0,1,7,1,2,1,2
